<?xml version="1.0" encoding="UTF-8"?>
<testsuite xmlns:xsi="http://www.w3.org/2001/XMLSchema-instance" xsi:noNamespaceSchemaLocation="https://maven.apache.org/surefire/maven-surefire-plugin/xsd/surefire-test-report.xsd" name="tests.VendingMachineTest" time="0.062" tests="3" errors="0" skipped="0" failures="0">
  <properties>
[...]
</properties>
  <testcase name="testAssertFindInventoryItemPrice" classname="tests.VendingMachineTest" time="0.033"/>
  <testcase name="testAssertInventoryList" classname="tests.VendingMachineTest" time="0"/>
  <testcase name="testAssertFindInventoryItem" classname="tests.VendingMachineTest" time="0.001"/>
</testsuite>